tput
0
0
0
0
0
0
0
0
0
0
0
0
0
0
0
0
0
0
0
0
0
0
0
60068.6
31250.4
30897.7
31227.4
31259.5
30824.3
30826.1
30887.4
30626.1
30972.6
31299.8
31134.5
30760
0
0
0
0
0
44549.3
30489.8
30512.1
30422.6
30629.7
30587.8
30598.4
30644
30490
30284.9
30409.3
30388.5
30120.1
0
0
0
0
0
41518.4
31341.3
30537.2
29933
29944.6
29783.8
29760.8
30057.2
30223.7
30170.7
30138.1
30079.7
29910.1
0
0
0
0
0
42676.3
33689.8
32050
31578.1
31095.1
31380.6
31500.3
31439.4
31361.5
31237.6
31130.9
31188.7
30976.4
0
0
0
0
0
0
0
0
0
0
0
0
0
0
0
0
0
0
0
0
0
0
0
0
0
0
0
0
0
0
0
0
0
0
0
0
0
0
0
0
0
0
0
0
0
0
0
0
0
0
0
0
0
0
0
0
0
0
0
0
0
0
0
0
0
0
0
0
0
0
0
0
0
0
0
0
0
0
0
0
0
0
0
0
0
0
0
0
0
0
0
0
0
0
0
0
0
0
0
0
0
0
0
0
0
0
0
0
0
0
0
0
0
0
0
0
0
0
0
0
0
0
0
0
0
0
0
0
0
0
0
0
0
0
0
0
0
0
0
0
0
0
0
0
0
0
0
0
0
0
0
0
0
0
0
0
0
0
0
0
0
0
0
0
0
0
0
0
0
0
0
0
0
0
0
0
0
0
0
0
0
0
0
0
0
0
0
0
0
0
0
0
0
0
0
0
0
0
0
0
0
0
0
0
0
0
0
0
0
0
0
0
0
0
0
0
0
0
0
0
0
0
0
0
0
0
0
0
0
0
0
0
0
0
0
0
0
0
0
0
0
0
0
0
0
0
0
0
0
0
0
0
0
0
0
0
0
0
0
0
0
0
0
0
0
0
0
0
0
0
0
0
0
0
0
0
0
0
0
0
0
0
0
0
0
0
0
0
0
0
0
0
15575.2
21326.1
21070.3
22061.4
23117.1
22934.1
22472.5
23859.8
22960.6
23112
22629.6
22483.3
0
0
0
0
0
0
24162.1
24580.5
25099.9
25839.5
25084.5
24564
24166.5
24063.2
24229.8
23915
25013.2
24825
0
0
0
0
0
0
23828.9
25166.9
27462.6
27553.9
28181.3
28420.8
27535.9
26937
26950.7
26380
26517.3
26000
0
0
0
0
0
0
0
0
0
0
0
0
0
0
0
0
0
0
0
0
0
0
0
0
0
0
0
0
0
0
0
0
0
0
0
0
0
0
0
0
0
0
0
0
0
0
0
0
0
0
0
0
0
0
0
0
0
0
0
0
0
0
0
0
0
0
0
0
0
0
0
0
0
0
0
0
0
0
0
0
0
0
0
0
0
0
0
0
0
0
0
0
0
0
0
0
0
0
0
0
0
0
0
0
0
0
0
0
0
0
0
0
0
0
0
0
0
0
0
0
0
0
0
0
0
0
0
0
0
0
0
0
0
0
0
0
0
0
0
0
0
0
0
0
0
0
0
0
14714.7
11399.1
10497.2
10594.7
10567.1
10731.4
10762.5
10603.4
10467.3
10530.5
10336.3
10486.5
10556.8
0
0
0
0
0
0
11785.6
10475
9502.82
9747.61
10059.6
10316.1
10162.4
10136.2
10178.7
10178.8
10204.3
10083.1
0
0
0
0
0
21489.2
7762.92
8193.57
8644.12
8513.82
8337.15
8287.48
8065.44
8017.64
7848.09
7891.13
7958.52
7786.64
